<?xml version="1.0" encoding="UTF-8"?>
<coverage generated="1588692442649" clover="3.2.0">
  <project timestamp="1588692442649" name="All files">
    <metrics statements="224" coveredstatements="164" conditionals="112" coveredconditionals="79" methods="76" coveredmethods="55" elements="412" coveredelements="298" complexity="0" loc="224" ncloc="224" packages="2" files="5" classes="5"/>
    <package name="src">
      <metrics statements="9" coveredstatements="0" conditionals="0" coveredconditionals="0" methods="1" coveredmethods="0"/>
      <file name="App.vue" path="/Users/jcraitz/DLI/vsuma/suma/web-sourcecode/src/App.vue">
        <metrics statements="1" coveredstatements="0" conditionals="0" coveredconditionals="0" methods="0" coveredmethods="0"/>
        <line num="8" count="0" type="stmt"/>
      </file>
      <file name="main.js" path="/Users/jcraitz/DLI/vsuma/suma/web-sourcecode/src/main.js">
        <metrics statements="8" coveredstatements="0" conditionals="0" coveredconditionals="0" methods="1" coveredmethods="0"/>
        <line num="8" count="0" type="stmt"/>
        <line num="9" count="0" type="stmt"/>
        <line num="11" count="0" type="stmt"/>
        <line num="12" count="0" type="stmt"/>
        <line num="14" count="0" type="stmt"/>
        <line num="18" count="0" type="stmt"/>
        <line num="23" count="0" type="stmt"/>
        <line num="24" count="0" type="stmt"/>
      </file>
    </package>
    <package name="src.components">
      <metrics statements="215" coveredstatements="164" conditionals="112" coveredconditionals="79" methods="75" coveredmethods="55"/>
      <file name="SumaClient.vue" path="/Users/jcraitz/DLI/vsuma/suma/web-sourcecode/src/components/SumaClient.vue">
        <metrics statements="182" coveredstatements="131" conditionals="79" coveredconditionals="49" methods="64" coveredmethods="44"/>
        <line num="120" count="1" type="stmt"/>
        <line num="121" count="1" type="stmt"/>
        <line num="122" count="1" type="stmt"/>
        <line num="123" count="1" type="stmt"/>
        <line num="124" count="1" type="stmt"/>
        <line num="125" count="1" type="stmt"/>
        <line num="126" count="1" type="stmt"/>
        <line num="128" count="1" type="stmt"/>
        <line num="134" count="3" type="stmt"/>
        <line num="162" count="3" type="stmt"/>
        <line num="164" count="3" type="stmt"/>
        <line num="166" count="3" type="stmt"/>
        <line num="168" count="3" type="stmt"/>
        <line num="171" count="0" type="stmt"/>
        <line num="175" count="4" type="stmt"/>
        <line num="179" count="24" type="stmt"/>
        <line num="185" count="0" type="cond" truecount="0" falsecount="5"/>
        <line num="186" count="0" type="stmt"/>
        <line num="187" count="0" type="stmt"/>
        <line num="189" count="0" type="cond" truecount="0" falsecount="2"/>
        <line num="190" count="0" type="stmt"/>
        <line num="191" count="0" type="stmt"/>
        <line num="194" count="0" type="stmt"/>
        <line num="196" count="0" type="stmt"/>
        <line num="205" count="8" type="cond" truecount="2" falsecount="0"/>
        <line num="206" count="6" type="stmt"/>
        <line num="207" count="6" type="stmt"/>
        <line num="208" count="6" type="stmt"/>
        <line num="209" count="6" type="stmt"/>
        <line num="211" count="8" type="stmt"/>
        <line num="212" count="8" type="stmt"/>
        <line num="216" count="3" type="stmt"/>
        <line num="217" count="3" type="stmt"/>
        <line num="218" count="3" type="stmt"/>
        <line num="219" count="3" type="stmt"/>
        <line num="223" count="33" type="stmt"/>
        <line num="224" count="33" type="stmt"/>
        <line num="225" count="39" type="stmt"/>
        <line num="227" count="33" type="stmt"/>
        <line num="232" count="3" type="stmt"/>
        <line num="233" count="6" type="stmt"/>
        <line num="234" count="6" type="stmt"/>
        <line num="235" count="6" type="cond" truecount="2" falsecount="0"/>
        <line num="236" count="1" type="stmt"/>
        <line num="237" count="1" type="stmt"/>
        <line num="239" count="5" type="stmt"/>
        <line num="243" count="11" type="cond" truecount="4" falsecount="0"/>
        <line num="244" count="3" type="stmt"/>
        <line num="247" count="0" type="stmt"/>
        <line num="252" count="3" type="stmt"/>
        <line num="253" count="3" type="cond" truecount="2" falsecount="0"/>
        <line num="255" count="2" type="stmt"/>
        <line num="260" count="3" type="stmt"/>
        <line num="262" count="3" type="cond" truecount="4" falsecount="0"/>
        <line num="263" count="1" type="stmt"/>
        <line num="264" count="1" type="cond" truecount="1" falsecount="1"/>
        <line num="265" count="1" type="stmt"/>
        <line num="266" count="1" type="stmt"/>
        <line num="269" count="0" type="stmt"/>
        <line num="273" count="2" type="stmt"/>
        <line num="278" count="4" type="cond" truecount="2" falsecount="0"/>
        <line num="279" count="4" type="cond" truecount="2" falsecount="0"/>
        <line num="280" count="4" type="stmt"/>
        <line num="284" count="4" type="stmt"/>
        <line num="285" count="4" type="cond" truecount="2" falsecount="0"/>
        <line num="286" count="1" type="stmt"/>
        <line num="287" count="1" type="stmt"/>
        <line num="288" count="1" type="stmt"/>
        <line num="289" count="1" type="stmt"/>
        <line num="290" count="1" type="stmt"/>
        <line num="293" count="4" type="cond" truecount="2" falsecount="0"/>
        <line num="294" count="1" type="stmt"/>
        <line num="296" count="3" type="stmt"/>
        <line num="297" count="3" type="stmt"/>
        <line num="298" count="3" type="stmt"/>
        <line num="303" count="4" type="stmt"/>
        <line num="306" count="4" type="stmt"/>
        <line num="307" count="4" type="stmt"/>
        <line num="309" count="4" type="stmt"/>
        <line num="310" count="4" type="stmt"/>
        <line num="311" count="4" type="stmt"/>
        <line num="312" count="4" type="stmt"/>
        <line num="313" count="14" type="stmt"/>
        <line num="314" count="5" type="stmt"/>
        <line num="315" count="5" type="stmt"/>
        <line num="319" count="9" type="stmt"/>
        <line num="320" count="4" type="stmt"/>
        <line num="325" count="12" type="cond" truecount="4" falsecount="0"/>
        <line num="326" count="1" type="stmt"/>
        <line num="327" count="1" type="stmt"/>
        <line num="333" count="33" type="stmt"/>
        <line num="334" count="33" type="stmt"/>
        <line num="335" count="33" type="stmt"/>
        <line num="336" count="33" type="stmt"/>
        <line num="337" count="33" type="stmt"/>
        <line num="340" count="2" type="stmt"/>
        <line num="344" count="2" type="cond" truecount="1" falsecount="1"/>
        <line num="345" count="0" type="stmt"/>
        <line num="349" count="2" type="stmt"/>
        <line num="350" count="2" type="stmt"/>
        <line num="351" count="2" type="stmt"/>
        <line num="352" count="2" type="stmt"/>
        <line num="353" count="2" type="stmt"/>
        <line num="358" count="2" type="stmt"/>
        <line num="362" count="0" type="stmt"/>
        <line num="363" count="0" type="stmt"/>
        <line num="368" count="3" type="stmt"/>
        <line num="371" count="3" type="stmt"/>
        <line num="373" count="3" type="stmt"/>
        <line num="374" count="3" type="stmt"/>
        <line num="376" count="3" type="stmt"/>
        <line num="377" count="3" type="stmt"/>
        <line num="378" count="21" type="stmt"/>
        <line num="379" count="3" type="stmt"/>
        <line num="382" count="3" type="cond" truecount="4" falsecount="0"/>
        <line num="383" count="2" type="stmt"/>
        <line num="384" count="2" type="stmt"/>
        <line num="389" count="0" type="stmt"/>
        <line num="391" count="3" type="stmt"/>
        <line num="395" count="0" type="stmt"/>
        <line num="402" count="2" type="stmt"/>
        <line num="403" count="2" type="stmt"/>
        <line num="404" count="2" type="stmt"/>
        <line num="405" count="2" type="stmt"/>
        <line num="406" count="2" type="cond" truecount="2" falsecount="2"/>
        <line num="407" count="2" type="stmt"/>
        <line num="409" count="2" type="cond" truecount="1" falsecount="1"/>
        <line num="410" count="2" type="stmt"/>
        <line num="411" count="2" type="stmt"/>
        <line num="417" count="0" type="stmt"/>
        <line num="424" count="0" type="cond" truecount="0" falsecount="2"/>
        <line num="425" count="0" type="stmt"/>
        <line num="428" count="0" type="stmt"/>
        <line num="433" count="0" type="stmt"/>
        <line num="434" count="0" type="stmt"/>
        <line num="440" count="0" type="cond" truecount="0" falsecount="2"/>
        <line num="441" count="0" type="stmt"/>
        <line num="444" count="0" type="stmt"/>
        <line num="449" count="0" type="cond" truecount="0" falsecount="2"/>
        <line num="450" count="0" type="stmt"/>
        <line num="451" count="0" type="stmt"/>
        <line num="452" count="0" type="cond" truecount="0" falsecount="2"/>
        <line num="453" count="0" type="stmt"/>
        <line num="454" count="0" type="cond" truecount="0" falsecount="2"/>
        <line num="455" count="0" type="stmt"/>
        <line num="457" count="0" type="stmt"/>
        <line num="458" count="0" type="stmt"/>
        <line num="463" count="0" type="stmt"/>
        <line num="467" count="22" type="stmt"/>
        <line num="468" count="22" type="stmt"/>
        <line num="469" count="22" type="cond" truecount="2" falsecount="0"/>
        <line num="470" count="22" type="stmt"/>
        <line num="472" count="22" type="stmt"/>
        <line num="473" count="169" type="cond" truecount="2" falsecount="0"/>
        <line num="476" count="69" type="cond" truecount="2" falsecount="0"/>
        <line num="477" count="22" type="cond" truecount="2" falsecount="0"/>
        <line num="478" count="20" type="stmt"/>
        <line num="479" count="20" type="stmt"/>
        <line num="480" count="20" type="stmt"/>
        <line num="482" count="22" type="stmt"/>
        <line num="486" count="0" type="cond" truecount="0" falsecount="2"/>
        <line num="487" count="0" type="stmt"/>
        <line num="489" count="0" type="stmt"/>
        <line num="493" count="2" type="stmt"/>
        <line num="497" count="2" type="stmt"/>
        <line num="501" count="0" type="stmt"/>
        <line num="502" count="0" type="stmt"/>
        <line num="503" count="0" type="stmt"/>
        <line num="507" count="0" type="stmt"/>
        <line num="508" count="0" type="cond" truecount="0" falsecount="2"/>
        <line num="509" count="0" type="stmt"/>
        <line num="511" count="0" type="stmt"/>
        <line num="517" count="35" type="stmt"/>
        <line num="521" count="27" type="cond" truecount="3" falsecount="0"/>
        <line num="524" count="30" type="cond" truecount="2" falsecount="0"/>
        <line num="528" count="0" type="stmt"/>
        <line num="529" count="0" type="stmt"/>
        <line num="530" count="0" type="cond" truecount="0" falsecount="2"/>
        <line num="531" count="0" type="stmt"/>
        <line num="532" count="0" type="stmt"/>
        <line num="534" count="0" type="stmt"/>
        <line num="540" count="36" type="stmt"/>
      </file>
      <file name="compontentFunctions.js" path="/Users/jcraitz/DLI/vsuma/suma/web-sourcecode/src/components/compontentFunctions.js">
        <metrics statements="18" coveredstatements="18" conditionals="23" coveredconditionals="21" methods="4" coveredmethods="4"/>
        <line num="4" count="397" type="stmt"/>
        <line num="5" count="397" type="cond" truecount="4" falsecount="0"/>
        <line num="6" count="2419" type="cond" truecount="2" falsecount="0"/>
        <line num="7" count="301" type="stmt"/>
        <line num="8" count="548" type="cond" truecount="2" falsecount="0"/>
        <line num="9" count="548" type="stmt"/>
        <line num="11" count="301" type="stmt"/>
        <line num="12" count="301" type="stmt"/>
        <line num="13" count="301" type="cond" truecount="2" falsecount="0"/>
        <line num="14" count="60" type="stmt"/>
        <line num="15" count="534" type="stmt"/>
        <line num="17" count="60" type="stmt"/>
        <line num="18" count="241" type="cond" truecount="2" falsecount="0"/>
        <line num="19" count="13" type="cond" truecount="2" falsecount="0"/>
        <line num="20" count="8" type="stmt"/>
        <line num="21" count="5" type="cond" truecount="1" falsecount="1"/>
        <line num="22" count="5" type="cond" truecount="1" falsecount="1"/>
        <line num="26" count="397" type="cond" truecount="4" falsecount="0"/>
      </file>
      <file name="tree.vue" path="/Users/jcraitz/DLI/vsuma/suma/web-sourcecode/src/components/tree.vue">
        <metrics statements="15" coveredstatements="15" conditionals="10" coveredconditionals="9" methods="7" coveredmethods="7"/>
        <line num="27" count="1" type="stmt"/>
        <line num="32" count="82" type="stmt"/>
        <line num="45" count="277" type="stmt"/>
        <line num="51" count="82" type="cond" truecount="2" falsecount="0"/>
        <line num="52" count="50" type="stmt"/>
        <line num="59" count="82" type="stmt"/>
        <line num="60" count="82" type="stmt"/>
        <line num="64" count="20" type="stmt"/>
        <line num="67" count="17" type="stmt"/>
        <line num="70" count="8" type="stmt"/>
        <line num="71" count="8" type="cond" truecount="2" falsecount="0"/>
        <line num="72" count="8" type="cond" truecount="2" falsecount="0"/>
        <line num="73" count="8" type="stmt"/>
        <line num="74" count="8" type="cond" truecount="2" falsecount="0"/>
        <line num="75" count="6" type="stmt"/>
      </file>
    </package>
  </project>
</coverage>
