{"/Users/jcraitz/DLI/vsuma/suma/web-sourcecode/src/App.vue": {"path":"/Users/jcraitz/DLI/vsuma/suma/web-sourcecode/src/App.vue","statementMap":{"0":{"start":{"line":8,"column":0},"end":{"line":8,"column":null}}},"fnMap":{},"branchMap":{},"s":{"0":0},"f":{},"b":{}}
,"/Users/jcraitz/DLI/vsuma/suma/web-sourcecode/src/main.js": {"path":"/Users/jcraitz/DLI/vsuma/suma/web-sourcecode/src/main.js","statementMap":{"0":{"start":{"line":8,"column":0},"end":{"line":8,"column":15}},"1":{"start":{"line":9,"column":0},"end":{"line":9,"column":19}},"2":{"start":{"line":11,"column":0},"end":{"line":11,"column":32}},"3":{"start":{"line":12,"column":0},"end":{"line":12,"column":18}},"4":{"start":{"line":14,"column":15},"end":{"line":16,"column":1}},"5":{"start":{"line":18,"column":15},"end":{"line":21,"column":2}},"6":{"start":{"line":23,"column":0},"end":{"line":26,"column":17}},"7":{"start":{"line":24,"column":15},"end":{"line":24,"column":21}}},"fnMap":{"0":{"name":"(anonymous_0)","decl":{"start":{"line":24,"column":10},"end":{"line":24,"column":11}},"loc":{"start":{"line":24,"column":15},"end":{"line":24,"column":21}},"line":24}},"branchMap":{},"s":{"0":0,"1":0,"2":0,"3":0,"4":0,"5":0,"6":0,"7":0},"f":{"0":0},"b":{},"hash":"6036a050ee09164a01e2bf7bafca3d8df52d51a0"}
,"/Users/jcraitz/DLI/vsuma/suma/web-sourcecode/src/components/SumaClient.vue": {"path":"/Users/jcraitz/DLI/vsuma/suma/web-sourcecode/src/components/SumaClient.vue","statementMap":{"0":{"start":{"line":120,"column":0},"end":{"line":120,"column":null}},"1":{"start":{"line":121,"column":0},"end":{"line":121,"column":null}},"2":{"start":{"line":122,"column":0},"end":{"line":122,"column":null}},"3":{"start":{"line":123,"column":0},"end":{"line":123,"column":null}},"4":{"start":{"line":124,"column":0},"end":{"line":124,"column":null}},"5":{"start":{"line":125,"column":0},"end":{"line":125,"column":null}},"6":{"start":{"line":126,"column":0},"end":{"line":126,"column":null}},"7":{"start":{"line":128,"column":0},"end":{"line":128,"column":null}},"8":{"start":{"line":134,"column":0},"end":{"line":134,"column":null}},"9":{"start":{"line":162,"column":0},"end":{"line":162,"column":null}},"10":{"start":{"line":164,"column":0},"end":{"line":164,"column":null}},"11":{"start":{"line":166,"column":0},"end":{"line":166,"column":null}},"12":{"start":{"line":168,"column":0},"end":{"line":168,"column":null}},"13":{"start":{"line":171,"column":0},"end":{"line":171,"column":null}},"14":{"start":{"line":175,"column":0},"end":{"line":175,"column":null}},"15":{"start":{"line":179,"column":0},"end":{"line":179,"column":null}},"16":{"start":{"line":185,"column":0},"end":{"line":188,"column":null}},"17":{"start":{"line":186,"column":0},"end":{"line":186,"column":null}},"18":{"start":{"line":187,"column":0},"end":{"line":187,"column":null}},"19":{"start":{"line":189,"column":0},"end":{"line":195,"column":null}},"20":{"start":{"line":190,"column":0},"end":{"line":192,"column":null}},"21":{"start":{"line":191,"column":0},"end":{"line":191,"column":null}},"22":{"start":{"line":194,"column":0},"end":{"line":194,"column":null}},"23":{"start":{"line":196,"column":0},"end":{"line":196,"column":null}},"24":{"start":{"line":205,"column":0},"end":{"line":210,"column":null}},"25":{"start":{"line":206,"column":0},"end":{"line":206,"column":null}},"26":{"start":{"line":207,"column":0},"end":{"line":207,"column":null}},"27":{"start":{"line":208,"column":0},"end":{"line":208,"column":null}},"28":{"start":{"line":209,"column":0},"end":{"line":209,"column":null}},"29":{"start":{"line":211,"column":0},"end":{"line":211,"column":null}},"30":{"start":{"line":212,"column":0},"end":{"line":212,"column":null}},"31":{"start":{"line":216,"column":0},"end":{"line":216,"column":null}},"32":{"start":{"line":217,"column":0},"end":{"line":217,"column":null}},"33":{"start":{"line":218,"column":0},"end":{"line":218,"column":null}},"34":{"start":{"line":219,"column":0},"end":{"line":219,"column":null}},"35":{"start":{"line":223,"column":0},"end":{"line":228,"column":null}},"36":{"start":{"line":224,"column":0},"end":{"line":224,"column":null}},"37":{"start":{"line":225,"column":0},"end":{"line":225,"column":null}},"38":{"start":{"line":227,"column":0},"end":{"line":227,"column":null}},"39":{"start":{"line":232,"column":0},"end":{"line":249,"column":null}},"40":{"start":{"line":232,"column":0},"end":{"line":232,"column":null}},"41":{"start":{"line":233,"column":0},"end":{"line":233,"column":null}},"42":{"start":{"line":234,"column":0},"end":{"line":248,"column":null}},"43":{"start":{"line":235,"column":0},"end":{"line":240,"column":null}},"44":{"start":{"line":236,"column":0},"end":{"line":236,"column":null}},"45":{"start":{"line":237,"column":0},"end":{"line":237,"column":null}},"46":{"start":{"line":239,"column":0},"end":{"line":239,"column":null}},"47":{"start":{"line":243,"column":0},"end":{"line":244,"column":null}},"48":{"start":{"line":243,"column":0},"end":{"line":243,"column":null}},"49":{"start":{"line":244,"column":0},"end":{"line":244,"column":null}},"50":{"start":{"line":247,"column":0},"end":{"line":247,"column":null}},"51":{"start":{"line":252,"column":0},"end":{"line":257,"column":null}},"52":{"start":{"line":253,"column":0},"end":{"line":256,"column":null}},"53":{"start":{"line":255,"column":0},"end":{"line":255,"column":null}},"54":{"start":{"line":260,"column":0},"end":{"line":275,"column":null}},"55":{"start":{"line":262,"column":0},"end":{"line":274,"column":null}},"56":{"start":{"line":263,"column":0},"end":{"line":270,"column":null}},"57":{"start":{"line":264,"column":0},"end":{"line":267,"column":null}},"58":{"start":{"line":265,"column":0},"end":{"line":265,"column":null}},"59":{"start":{"line":266,"column":0},"end":{"line":266,"column":null}},"60":{"start":{"line":269,"column":0},"end":{"line":269,"column":null}},"61":{"start":{"line":273,"column":0},"end":{"line":273,"column":null}},"62":{"start":{"line":278,"column":0},"end":{"line":278,"column":null}},"63":{"start":{"line":279,"column":0},"end":{"line":279,"column":null}},"64":{"start":{"line":280,"column":0},"end":{"line":280,"column":null}},"65":{"start":{"line":284,"column":0},"end":{"line":284,"column":null}},"66":{"start":{"line":285,"column":0},"end":{"line":292,"column":null}},"67":{"start":{"line":286,"column":0},"end":{"line":291,"column":null}},"68":{"start":{"line":287,"column":0},"end":{"line":287,"column":null}},"69":{"start":{"line":288,"column":0},"end":{"line":288,"column":null}},"70":{"start":{"line":289,"column":0},"end":{"line":289,"column":null}},"71":{"start":{"line":290,"column":0},"end":{"line":290,"column":null}},"72":{"start":{"line":293,"column":0},"end":{"line":300,"column":null}},"73":{"start":{"line":294,"column":0},"end":{"line":294,"column":null}},"74":{"start":{"line":296,"column":0},"end":{"line":299,"column":null}},"75":{"start":{"line":297,"column":0},"end":{"line":297,"column":null}},"76":{"start":{"line":298,"column":0},"end":{"line":298,"column":null}},"77":{"start":{"line":303,"column":0},"end":{"line":303,"column":null}},"78":{"start":{"line":306,"column":0},"end":{"line":306,"column":null}},"79":{"start":{"line":307,"column":0},"end":{"line":307,"column":null}},"80":{"start":{"line":309,"column":0},"end":{"line":309,"column":null}},"81":{"start":{"line":310,"column":0},"end":{"line":310,"column":null}},"82":{"start":{"line":311,"column":0},"end":{"line":311,"column":null}},"83":{"start":{"line":312,"column":0},"end":{"line":316,"column":null}},"84":{"start":{"line":313,"column":0},"end":{"line":313,"column":null}},"85":{"start":{"line":314,"column":0},"end":{"line":314,"column":null}},"86":{"start":{"line":315,"column":0},"end":{"line":315,"column":null}},"87":{"start":{"line":319,"column":0},"end":{"line":319,"column":null}},"88":{"start":{"line":320,"column":0},"end":{"line":320,"column":null}},"89":{"start":{"line":325,"column":0},"end":{"line":329,"column":null}},"90":{"start":{"line":326,"column":0},"end":{"line":328,"column":null}},"91":{"start":{"line":327,"column":0},"end":{"line":327,"column":null}},"92":{"start":{"line":333,"column":0},"end":{"line":333,"column":null}},"93":{"start":{"line":334,"column":0},"end":{"line":334,"column":null}},"94":{"start":{"line":335,"column":0},"end":{"line":335,"column":null}},"95":{"start":{"line":336,"column":0},"end":{"line":336,"column":null}},"96":{"start":{"line":337,"column":0},"end":{"line":337,"column":null}},"97":{"start":{"line":340,"column":0},"end":{"line":364,"column":null}},"98":{"start":{"line":344,"column":0},"end":{"line":359,"column":null}},"99":{"start":{"line":345,"column":0},"end":{"line":345,"column":null}},"100":{"start":{"line":349,"column":0},"end":{"line":349,"column":null}},"101":{"start":{"line":350,"column":0},"end":{"line":350,"column":null}},"102":{"start":{"line":351,"column":0},"end":{"line":351,"column":null}},"103":{"start":{"line":352,"column":0},"end":{"line":352,"column":null}},"104":{"start":{"line":353,"column":0},"end":{"line":353,"column":null}},"105":{"start":{"line":358,"column":0},"end":{"line":358,"column":null}},"106":{"start":{"line":362,"column":0},"end":{"line":362,"column":null}},"107":{"start":{"line":363,"column":0},"end":{"line":363,"column":null}},"108":{"start":{"line":368,"column":0},"end":{"line":390,"column":null}},"109":{"start":{"line":371,"column":0},"end":{"line":371,"column":null}},"110":{"start":{"line":373,"column":0},"end":{"line":373,"column":null}},"111":{"start":{"line":374,"column":0},"end":{"line":374,"column":null}},"112":{"start":{"line":376,"column":0},"end":{"line":380,"column":null}},"113":{"start":{"line":377,"column":0},"end":{"line":377,"column":null}},"114":{"start":{"line":378,"column":0},"end":{"line":378,"column":null}},"115":{"start":{"line":379,"column":0},"end":{"line":379,"column":null}},"116":{"start":{"line":382,"column":0},"end":{"line":385,"column":null}},"117":{"start":{"line":383,"column":0},"end":{"line":383,"column":null}},"118":{"start":{"line":384,"column":0},"end":{"line":384,"column":null}},"119":{"start":{"line":389,"column":0},"end":{"line":389,"column":null}},"120":{"start":{"line":391,"column":0},"end":{"line":391,"column":null}},"121":{"start":{"line":395,"column":0},"end":{"line":395,"column":null}},"122":{"start":{"line":402,"column":0},"end":{"line":402,"column":null}},"123":{"start":{"line":403,"column":0},"end":{"line":403,"column":null}},"124":{"start":{"line":404,"column":0},"end":{"line":404,"column":null}},"125":{"start":{"line":405,"column":0},"end":{"line":405,"column":null}},"126":{"start":{"line":406,"column":0},"end":{"line":408,"column":null}},"127":{"start":{"line":407,"column":0},"end":{"line":407,"column":null}},"128":{"start":{"line":409,"column":0},"end":{"line":412,"column":null}},"129":{"start":{"line":410,"column":0},"end":{"line":410,"column":null}},"130":{"start":{"line":411,"column":0},"end":{"line":411,"column":null}},"131":{"start":{"line":417,"column":0},"end":{"line":429,"column":null}},"132":{"start":{"line":424,"column":0},"end":{"line":426,"column":null}},"133":{"start":{"line":425,"column":0},"end":{"line":425,"column":null}},"134":{"start":{"line":428,"column":0},"end":{"line":428,"column":null}},"135":{"start":{"line":433,"column":0},"end":{"line":433,"column":null}},"136":{"start":{"line":434,"column":0},"end":{"line":445,"column":null}},"137":{"start":{"line":440,"column":0},"end":{"line":442,"column":null}},"138":{"start":{"line":441,"column":0},"end":{"line":441,"column":null}},"139":{"start":{"line":444,"column":0},"end":{"line":444,"column":null}},"140":{"start":{"line":449,"column":0},"end":{"line":462,"column":null}},"141":{"start":{"line":450,"column":0},"end":{"line":450,"column":null}},"142":{"start":{"line":451,"column":0},"end":{"line":451,"column":null}},"143":{"start":{"line":452,"column":0},"end":{"line":461,"column":null}},"144":{"start":{"line":453,"column":0},"end":{"line":453,"column":null}},"145":{"start":{"line":454,"column":0},"end":{"line":460,"column":null}},"146":{"start":{"line":455,"column":0},"end":{"line":455,"column":null}},"147":{"start":{"line":457,"column":0},"end":{"line":457,"column":null}},"148":{"start":{"line":458,"column":0},"end":{"line":458,"column":null}},"149":{"start":{"line":463,"column":0},"end":{"line":463,"column":null}},"150":{"start":{"line":467,"column":0},"end":{"line":467,"column":null}},"151":{"start":{"line":468,"column":0},"end":{"line":468,"column":null}},"152":{"start":{"line":469,"column":0},"end":{"line":469,"column":null}},"153":{"start":{"line":470,"column":0},"end":{"line":470,"column":null}},"154":{"start":{"line":472,"column":0},"end":{"line":474,"column":null}},"155":{"start":{"line":473,"column":0},"end":{"line":473,"column":null}},"156":{"start":{"line":476,"column":0},"end":{"line":476,"column":null}},"157":{"start":{"line":477,"column":0},"end":{"line":481,"column":null}},"158":{"start":{"line":478,"column":0},"end":{"line":478,"column":null}},"159":{"start":{"line":479,"column":0},"end":{"line":479,"column":null}},"160":{"start":{"line":480,"column":0},"end":{"line":480,"column":null}},"161":{"start":{"line":482,"column":0},"end":{"line":482,"column":null}},"162":{"start":{"line":486,"column":0},"end":{"line":488,"column":null}},"163":{"start":{"line":487,"column":0},"end":{"line":487,"column":null}},"164":{"start":{"line":489,"column":0},"end":{"line":489,"column":null}},"165":{"start":{"line":493,"column":0},"end":{"line":493,"column":null}},"166":{"start":{"line":497,"column":0},"end":{"line":497,"column":null}},"167":{"start":{"line":501,"column":0},"end":{"line":501,"column":null}},"168":{"start":{"line":502,"column":0},"end":{"line":502,"column":null}},"169":{"start":{"line":503,"column":0},"end":{"line":503,"column":null}},"170":{"start":{"line":507,"column":0},"end":{"line":507,"column":null}},"171":{"start":{"line":508,"column":0},"end":{"line":510,"column":null}},"172":{"start":{"line":509,"column":0},"end":{"line":509,"column":null}},"173":{"start":{"line":511,"column":0},"end":{"line":511,"column":null}},"174":{"start":{"line":517,"column":0},"end":{"line":517,"column":null}},"175":{"start":{"line":521,"column":0},"end":{"line":521,"column":null}},"176":{"start":{"line":524,"column":0},"end":{"line":524,"column":null}},"177":{"start":{"line":528,"column":0},"end":{"line":528,"column":null}},"178":{"start":{"line":529,"column":0},"end":{"line":529,"column":null}},"179":{"start":{"line":530,"column":0},"end":{"line":533,"column":null}},"180":{"start":{"line":531,"column":0},"end":{"line":531,"column":null}},"181":{"start":{"line":532,"column":0},"end":{"line":532,"column":null}},"182":{"start":{"line":534,"column":0},"end":{"line":534,"column":null}},"183":{"start":{"line":540,"column":0},"end":{"line":540,"column":null}}},"fnMap":{"0":{"name":"(anonymous_1)","decl":{"start":{"line":133,"column":0},"end":{"line":133,"column":null}},"loc":{"start":{"line":133,"column":0},"end":{"line":160,"column":null}}},"1":{"name":"(anonymous_2)","decl":{"start":{"line":161,"column":0},"end":{"line":161,"column":null}},"loc":{"start":{"line":161,"column":0},"end":{"line":169,"column":null}}},"2":{"name":"(anonymous_3)","decl":{"start":{"line":170,"column":0},"end":{"line":170,"column":null}},"loc":{"start":{"line":170,"column":0},"end":{"line":172,"column":null}}},"3":{"name":"(anonymous_4)","decl":{"start":{"line":174,"column":0},"end":{"line":174,"column":null}},"loc":{"start":{"line":174,"column":0},"end":{"line":176,"column":null}}},"4":{"name":"(anonymous_5)","decl":{"start":{"line":178,"column":0},"end":{"line":178,"column":null}},"loc":{"start":{"line":178,"column":0},"end":{"line":180,"column":null}}},"5":{"name":"(anonymous_6)","decl":{"start":{"line":184,"column":0},"end":{"line":184,"column":null}},"loc":{"start":{"line":184,"column":0},"end":{"line":197,"column":null}}},"6":{"name":"(anonymous_7)","decl":{"start":{"line":190,"column":0},"end":{"line":190,"column":null}},"loc":{"start":{"line":190,"column":0},"end":{"line":192,"column":null}}},"7":{"name":"(anonymous_8)","decl":{"start":{"line":202,"column":0},"end":{"line":202,"column":null}},"loc":{"start":{"line":202,"column":0},"end":{"line":213,"column":null}}},"8":{"name":"(anonymous_9)","decl":{"start":{"line":214,"column":0},"end":{"line":214,"column":null}},"loc":{"start":{"line":214,"column":0},"end":{"line":220,"column":null}}},"9":{"name":"(anonymous_10)","decl":{"start":{"line":221,"column":0},"end":{"line":221,"column":null}},"loc":{"start":{"line":221,"column":0},"end":{"line":229,"column":null}}},"10":{"name":"(anonymous_11)","decl":{"start":{"line":223,"column":0},"end":{"line":223,"column":null}},"loc":{"start":{"line":223,"column":0},"end":{"line":228,"column":null}}},"11":{"name":"(anonymous_12)","decl":{"start":{"line":225,"column":0},"end":{"line":225,"column":null}},"loc":{"start":{"line":225,"column":0},"end":{"line":225,"column":null}}},"12":{"name":"(anonymous_13)","decl":{"start":{"line":230,"column":0},"end":{"line":230,"column":null}},"loc":{"start":{"line":230,"column":0},"end":{"line":250,"column":null}}},"13":{"name":"(anonymous_14)","decl":{"start":{"line":234,"column":0},"end":{"line":234,"column":null}},"loc":{"start":{"line":234,"column":0},"end":{"line":241,"column":null}}},"14":{"name":"(anonymous_15)","decl":{"start":{"line":241,"column":0},"end":{"line":241,"column":null}},"loc":{"start":{"line":241,"column":0},"end":{"line":245,"column":null}}},"15":{"name":"(anonymous_16)","decl":{"start":{"line":245,"column":0},"end":{"line":245,"column":null}},"loc":{"start":{"line":245,"column":0},"end":{"line":248,"column":null}}},"16":{"name":"(anonymous_17)","decl":{"start":{"line":251,"column":0},"end":{"line":251,"column":null}},"loc":{"start":{"line":251,"column":0},"end":{"line":258,"column":null}}},"17":{"name":"(anonymous_18)","decl":{"start":{"line":252,"column":0},"end":{"line":252,"column":null}},"loc":{"start":{"line":252,"column":0},"end":{"line":257,"column":null}}},"18":{"name":"(anonymous_19)","decl":{"start":{"line":255,"column":0},"end":{"line":255,"column":null}},"loc":{"start":{"line":255,"column":0},"end":{"line":255,"column":null}}},"19":{"name":"(anonymous_20)","decl":{"start":{"line":259,"column":0},"end":{"line":259,"column":null}},"loc":{"start":{"line":259,"column":0},"end":{"line":276,"column":null}}},"20":{"name":"(anonymous_21)","decl":{"start":{"line":260,"column":0},"end":{"line":260,"column":null}},"loc":{"start":{"line":260,"column":0},"end":{"line":275,"column":null}}},"21":{"name":"(anonymous_22)","decl":{"start":{"line":263,"column":0},"end":{"line":263,"column":null}},"loc":{"start":{"line":263,"column":0},"end":{"line":268,"column":null}}},"22":{"name":"(anonymous_23)","decl":{"start":{"line":268,"column":0},"end":{"line":268,"column":null}},"loc":{"start":{"line":268,"column":0},"end":{"line":270,"column":null}}},"23":{"name":"(anonymous_24)","decl":{"start":{"line":277,"column":0},"end":{"line":277,"column":null}},"loc":{"start":{"line":277,"column":0},"end":{"line":281,"column":null}}},"24":{"name":"(anonymous_25)","decl":{"start":{"line":282,"column":0},"end":{"line":282,"column":null}},"loc":{"start":{"line":282,"column":0},"end":{"line":301,"column":null}}},"25":{"name":"(anonymous_26)","decl":{"start":{"line":286,"column":0},"end":{"line":286,"column":null}},"loc":{"start":{"line":286,"column":0},"end":{"line":291,"column":null}}},"26":{"name":"(anonymous_27)","decl":{"start":{"line":296,"column":0},"end":{"line":296,"column":null}},"loc":{"start":{"line":296,"column":0},"end":{"line":299,"column":null}}},"27":{"name":"(anonymous_28)","decl":{"start":{"line":302,"column":0},"end":{"line":302,"column":null}},"loc":{"start":{"line":302,"column":0},"end":{"line":321,"column":null}}},"28":{"name":"(anonymous_29)","decl":{"start":{"line":313,"column":0},"end":{"line":313,"column":null}},"loc":{"start":{"line":313,"column":0},"end":{"line":313,"column":null}}},"29":{"name":"(anonymous_30)","decl":{"start":{"line":319,"column":0},"end":{"line":319,"column":null}},"loc":{"start":{"line":319,"column":0},"end":{"line":319,"column":null}}},"30":{"name":"(anonymous_31)","decl":{"start":{"line":322,"column":0},"end":{"line":322,"column":null}},"loc":{"start":{"line":322,"column":0},"end":{"line":330,"column":null}}},"31":{"name":"(anonymous_32)","decl":{"start":{"line":326,"column":0},"end":{"line":326,"column":null}},"loc":{"start":{"line":326,"column":0},"end":{"line":328,"column":null}}},"32":{"name":"(anonymous_33)","decl":{"start":{"line":331,"column":0},"end":{"line":331,"column":null}},"loc":{"start":{"line":331,"column":0},"end":{"line":338,"column":null}}},"33":{"name":"(anonymous_34)","decl":{"start":{"line":339,"column":0},"end":{"line":339,"column":null}},"loc":{"start":{"line":339,"column":0},"end":{"line":365,"column":null}}},"34":{"name":"(anonymous_35)","decl":{"start":{"line":340,"column":0},"end":{"line":340,"column":null}},"loc":{"start":{"line":340,"column":0},"end":{"line":360,"column":null}}},"35":{"name":"(anonymous_36)","decl":{"start":{"line":360,"column":0},"end":{"line":360,"column":null}},"loc":{"start":{"line":360,"column":0},"end":{"line":364,"column":null}}},"36":{"name":"(anonymous_37)","decl":{"start":{"line":366,"column":0},"end":{"line":366,"column":null}},"loc":{"start":{"line":366,"column":0},"end":{"line":392,"column":null}}},"37":{"name":"(anonymous_38)","decl":{"start":{"line":368,"column":0},"end":{"line":368,"column":null}},"loc":{"start":{"line":368,"column":0},"end":{"line":386,"column":null}}},"38":{"name":"(anonymous_39)","decl":{"start":{"line":376,"column":0},"end":{"line":376,"column":null}},"loc":{"start":{"line":376,"column":0},"end":{"line":380,"column":null}}},"39":{"name":"(anonymous_40)","decl":{"start":{"line":378,"column":0},"end":{"line":378,"column":null}},"loc":{"start":{"line":378,"column":0},"end":{"line":378,"column":null}}},"40":{"name":"(anonymous_41)","decl":{"start":{"line":386,"column":0},"end":{"line":386,"column":null}},"loc":{"start":{"line":386,"column":0},"end":{"line":386,"column":null}}},"41":{"name":"(anonymous_43)","decl":{"start":{"line":393,"column":0},"end":{"line":393,"column":null}},"loc":{"start":{"line":393,"column":0},"end":{"line":399,"column":null}}},"42":{"name":"(anonymous_44)","decl":{"start":{"line":400,"column":0},"end":{"line":400,"column":null}},"loc":{"start":{"line":400,"column":0},"end":{"line":413,"column":null}}},"43":{"name":"(anonymous_45)","decl":{"start":{"line":414,"column":0},"end":{"line":414,"column":null}},"loc":{"start":{"line":414,"column":0},"end":{"line":430,"column":null}}},"44":{"name":"(anonymous_46)","decl":{"start":{"line":417,"column":0},"end":{"line":417,"column":null}},"loc":{"start":{"line":417,"column":0},"end":{"line":427,"column":null}}},"45":{"name":"(anonymous_47)","decl":{"start":{"line":427,"column":0},"end":{"line":427,"column":null}},"loc":{"start":{"line":427,"column":0},"end":{"line":429,"column":null}}},"46":{"name":"(anonymous_48)","decl":{"start":{"line":431,"column":0},"end":{"line":431,"column":null}},"loc":{"start":{"line":431,"column":0},"end":{"line":446,"column":null}}},"47":{"name":"(anonymous_49)","decl":{"start":{"line":434,"column":0},"end":{"line":434,"column":null}},"loc":{"start":{"line":434,"column":0},"end":{"line":443,"column":null}}},"48":{"name":"(anonymous_50)","decl":{"start":{"line":441,"column":0},"end":{"line":441,"column":null}},"loc":{"start":{"line":441,"column":0},"end":{"line":441,"column":null}}},"49":{"name":"(anonymous_51)","decl":{"start":{"line":443,"column":0},"end":{"line":443,"column":null}},"loc":{"start":{"line":443,"column":0},"end":{"line":445,"column":null}}},"50":{"name":"(anonymous_52)","decl":{"start":{"line":447,"column":0},"end":{"line":447,"column":null}},"loc":{"start":{"line":447,"column":0},"end":{"line":464,"column":null}}},"51":{"name":"(anonymous_53)","decl":{"start":{"line":465,"column":0},"end":{"line":465,"column":null}},"loc":{"start":{"line":465,"column":0},"end":{"line":483,"column":null}}},"52":{"name":"(anonymous_54)","decl":{"start":{"line":472,"column":0},"end":{"line":472,"column":null}},"loc":{"start":{"line":472,"column":0},"end":{"line":474,"column":null}}},"53":{"name":"(anonymous_55)","decl":{"start":{"line":476,"column":0},"end":{"line":476,"column":null}},"loc":{"start":{"line":476,"column":0},"end":{"line":476,"column":null}}},"54":{"name":"(anonymous_56)","decl":{"start":{"line":484,"column":0},"end":{"line":484,"column":null}},"loc":{"start":{"line":484,"column":0},"end":{"line":490,"column":null}}},"55":{"name":"(anonymous_57)","decl":{"start":{"line":491,"column":0},"end":{"line":491,"column":null}},"loc":{"start":{"line":491,"column":0},"end":{"line":498,"column":null}}},"56":{"name":"(anonymous_58)","decl":{"start":{"line":499,"column":0},"end":{"line":499,"column":null}},"loc":{"start":{"line":499,"column":0},"end":{"line":504,"column":null}}},"57":{"name":"(anonymous_59)","decl":{"start":{"line":505,"column":0},"end":{"line":505,"column":null}},"loc":{"start":{"line":505,"column":0},"end":{"line":512,"column":null}}},"58":{"name":"(anonymous_60)","decl":{"start":{"line":509,"column":0},"end":{"line":509,"column":null}},"loc":{"start":{"line":509,"column":0},"end":{"line":509,"column":null}}},"59":{"name":"(anonymous_61)","decl":{"start":{"line":515,"column":0},"end":{"line":515,"column":null}},"loc":{"start":{"line":515,"column":0},"end":{"line":518,"column":null}}},"60":{"name":"(anonymous_62)","decl":{"start":{"line":519,"column":0},"end":{"line":519,"column":null}},"loc":{"start":{"line":519,"column":0},"end":{"line":522,"column":null}}},"61":{"name":"(anonymous_63)","decl":{"start":{"line":523,"column":0},"end":{"line":523,"column":null}},"loc":{"start":{"line":523,"column":0},"end":{"line":525,"column":null}}},"62":{"name":"(anonymous_64)","decl":{"start":{"line":526,"column":0},"end":{"line":526,"column":null}},"loc":{"start":{"line":526,"column":0},"end":{"line":535,"column":null}}},"63":{"name":"(anonymous_65)","decl":{"start":{"line":538,"column":0},"end":{"line":538,"column":null}},"loc":{"start":{"line":538,"column":0},"end":{"line":541,"column":null}}}},"branchMap":{"0":{"loc":{"start":{"line":185,"column":0},"end":{"line":188,"column":null}},"type":"if","locations":[{"start":{"line":185,"column":0},"end":{"line":188,"column":null}},{"start":{"line":185,"column":0},"end":{"line":188,"column":null}}]},"1":{"loc":{"start":{"line":185,"column":0},"end":{"line":185,"column":null}},"type":"binary-expr","locations":[{"start":{"line":185,"column":0},"end":{"line":185,"column":null}},{"start":{"line":185,"column":0},"end":{"line":185,"column":null}},{"start":{"line":185,"column":0},"end":{"line":185,"column":null}}]},"2":{"loc":{"start":{"line":189,"column":0},"end":{"line":195,"column":null}},"type":"if","locations":[{"start":{"line":189,"column":0},"end":{"line":195,"column":null}},{"start":{"line":189,"column":0},"end":{"line":195,"column":null}}]},"3":{"loc":{"start":{"line":205,"column":0},"end":{"line":210,"column":null}},"type":"if","locations":[{"start":{"line":205,"column":0},"end":{"line":210,"column":null}},{"start":{"line":205,"column":0},"end":{"line":210,"column":null}}]},"4":{"loc":{"start":{"line":230,"column":0},"end":{"line":230,"column":null}},"type":"default-arg","locations":[{"start":{"line":230,"column":0},"end":{"line":230,"column":null}}]},"5":{"loc":{"start":{"line":235,"column":0},"end":{"line":240,"column":null}},"type":"if","locations":[{"start":{"line":235,"column":0},"end":{"line":240,"column":null}},{"start":{"line":235,"column":0},"end":{"line":240,"column":null}}]},"6":{"loc":{"start":{"line":243,"column":0},"end":{"line":244,"column":null}},"type":"if","locations":[{"start":{"line":243,"column":0},"end":{"line":244,"column":null}},{"start":{"line":243,"column":0},"end":{"line":244,"column":null}}]},"7":{"loc":{"start":{"line":243,"column":0},"end":{"line":243,"column":null}},"type":"binary-expr","locations":[{"start":{"line":243,"column":0},"end":{"line":243,"column":null}},{"start":{"line":243,"column":0},"end":{"line":243,"column":null}}]},"8":{"loc":{"start":{"line":253,"column":0},"end":{"line":256,"column":null}},"type":"if","locations":[{"start":{"line":253,"column":0},"end":{"line":256,"column":null}},{"start":{"line":253,"column":0},"end":{"line":256,"column":null}}]},"9":{"loc":{"start":{"line":262,"column":0},"end":{"line":274,"column":null}},"type":"if","locations":[{"start":{"line":262,"column":0},"end":{"line":274,"column":null}},{"start":{"line":262,"column":0},"end":{"line":274,"column":null}}]},"10":{"loc":{"start":{"line":262,"column":0},"end":{"line":262,"column":null}},"type":"binary-expr","locations":[{"start":{"line":262,"column":0},"end":{"line":262,"column":null}},{"start":{"line":262,"column":0},"end":{"line":262,"column":null}}]},"11":{"loc":{"start":{"line":264,"column":0},"end":{"line":267,"column":null}},"type":"if","locations":[{"start":{"line":264,"column":0},"end":{"line":267,"column":null}},{"start":{"line":264,"column":0},"end":{"line":267,"column":null}}]},"12":{"loc":{"start":{"line":278,"column":0},"end":{"line":278,"column":null}},"type":"cond-expr","locations":[{"start":{"line":278,"column":0},"end":{"line":278,"column":null}},{"start":{"line":278,"column":0},"end":{"line":278,"column":null}}]},"13":{"loc":{"start":{"line":279,"column":0},"end":{"line":279,"column":null}},"type":"cond-expr","locations":[{"start":{"line":279,"column":0},"end":{"line":279,"column":null}},{"start":{"line":279,"column":0},"end":{"line":279,"column":null}}]},"14":{"loc":{"start":{"line":285,"column":0},"end":{"line":292,"column":null}},"type":"if","locations":[{"start":{"line":285,"column":0},"end":{"line":292,"column":null}},{"start":{"line":285,"column":0},"end":{"line":292,"column":null}}]},"15":{"loc":{"start":{"line":293,"column":0},"end":{"line":300,"column":null}},"type":"if","locations":[{"start":{"line":293,"column":0},"end":{"line":300,"column":null}},{"start":{"line":293,"column":0},"end":{"line":300,"column":null}}]},"16":{"loc":{"start":{"line":325,"column":0},"end":{"line":329,"column":null}},"type":"if","locations":[{"start":{"line":325,"column":0},"end":{"line":329,"column":null}},{"start":{"line":325,"column":0},"end":{"line":329,"column":null}}]},"17":{"loc":{"start":{"line":325,"column":0},"end":{"line":325,"column":null}},"type":"binary-expr","locations":[{"start":{"line":325,"column":0},"end":{"line":325,"column":null}},{"start":{"line":325,"column":0},"end":{"line":325,"column":null}}]},"18":{"loc":{"start":{"line":344,"column":0},"end":{"line":359,"column":null}},"type":"if","locations":[{"start":{"line":344,"column":0},"end":{"line":359,"column":null}},{"start":{"line":344,"column":0},"end":{"line":359,"column":null}}]},"19":{"loc":{"start":{"line":382,"column":0},"end":{"line":385,"column":null}},"type":"if","locations":[{"start":{"line":382,"column":0},"end":{"line":385,"column":null}},{"start":{"line":382,"column":0},"end":{"line":385,"column":null}}]},"20":{"loc":{"start":{"line":382,"column":0},"end":{"line":382,"column":null}},"type":"binary-expr","locations":[{"start":{"line":382,"column":0},"end":{"line":382,"column":null}},{"start":{"line":382,"column":0},"end":{"line":382,"column":null}}]},"21":{"loc":{"start":{"line":400,"column":0},"end":{"line":400,"column":null}},"type":"default-arg","locations":[{"start":{"line":400,"column":0},"end":{"line":400,"column":null}}]},"22":{"loc":{"start":{"line":406,"column":0},"end":{"line":408,"column":null}},"type":"if","locations":[{"start":{"line":406,"column":0},"end":{"line":408,"column":null}},{"start":{"line":406,"column":0},"end":{"line":408,"column":null}}]},"23":{"loc":{"start":{"line":406,"column":0},"end":{"line":406,"column":null}},"type":"binary-expr","locations":[{"start":{"line":406,"column":0},"end":{"line":406,"column":null}},{"start":{"line":406,"column":0},"end":{"line":406,"column":null}}]},"24":{"loc":{"start":{"line":409,"column":0},"end":{"line":412,"column":null}},"type":"if","locations":[{"start":{"line":409,"column":0},"end":{"line":412,"column":null}},{"start":{"line":409,"column":0},"end":{"line":412,"column":null}}]},"25":{"loc":{"start":{"line":424,"column":0},"end":{"line":426,"column":null}},"type":"if","locations":[{"start":{"line":424,"column":0},"end":{"line":426,"column":null}},{"start":{"line":424,"column":0},"end":{"line":426,"column":null}}]},"26":{"loc":{"start":{"line":440,"column":0},"end":{"line":442,"column":null}},"type":"if","locations":[{"start":{"line":440,"column":0},"end":{"line":442,"column":null}},{"start":{"line":440,"column":0},"end":{"line":442,"column":null}}]},"27":{"loc":{"start":{"line":449,"column":0},"end":{"line":462,"column":null}},"type":"if","locations":[{"start":{"line":449,"column":0},"end":{"line":462,"column":null}},{"start":{"line":449,"column":0},"end":{"line":462,"column":null}}]},"28":{"loc":{"start":{"line":452,"column":0},"end":{"line":461,"column":null}},"type":"if","locations":[{"start":{"line":452,"column":0},"end":{"line":461,"column":null}},{"start":{"line":452,"column":0},"end":{"line":461,"column":null}}]},"29":{"loc":{"start":{"line":454,"column":0},"end":{"line":460,"column":null}},"type":"if","locations":[{"start":{"line":454,"column":0},"end":{"line":460,"column":null}},{"start":{"line":454,"column":0},"end":{"line":460,"column":null}}]},"30":{"loc":{"start":{"line":456,"column":0},"end":{"line":458,"column":null}},"type":"switch","locations":[{"start":{"line":456,"column":0},"end":{"line":458,"column":null}}]},"31":{"loc":{"start":{"line":469,"column":0},"end":{"line":469,"column":null}},"type":"cond-expr","locations":[{"start":{"line":469,"column":0},"end":{"line":469,"column":null}},{"start":{"line":469,"column":0},"end":{"line":469,"column":null}}]},"32":{"loc":{"start":{"line":473,"column":0},"end":{"line":473,"column":null}},"type":"binary-expr","locations":[{"start":{"line":473,"column":0},"end":{"line":473,"column":null}},{"start":{"line":473,"column":0},"end":{"line":473,"column":null}}]},"33":{"loc":{"start":{"line":476,"column":0},"end":{"line":476,"column":null}},"type":"cond-expr","locations":[{"start":{"line":476,"column":0},"end":{"line":476,"column":null}},{"start":{"line":476,"column":0},"end":{"line":476,"column":null}}]},"34":{"loc":{"start":{"line":477,"column":0},"end":{"line":481,"column":null}},"type":"if","locations":[{"start":{"line":477,"column":0},"end":{"line":481,"column":null}},{"start":{"line":477,"column":0},"end":{"line":481,"column":null}}]},"35":{"loc":{"start":{"line":486,"column":0},"end":{"line":488,"column":null}},"type":"if","locations":[{"start":{"line":486,"column":0},"end":{"line":488,"column":null}},{"start":{"line":486,"column":0},"end":{"line":488,"column":null}}]},"36":{"loc":{"start":{"line":508,"column":0},"end":{"line":510,"column":null}},"type":"if","locations":[{"start":{"line":508,"column":0},"end":{"line":510,"column":null}},{"start":{"line":508,"column":0},"end":{"line":510,"column":null}}]},"37":{"loc":{"start":{"line":521,"column":0},"end":{"line":521,"column":null}},"type":"binary-expr","locations":[{"start":{"line":521,"column":0},"end":{"line":521,"column":null}},{"start":{"line":521,"column":0},"end":{"line":521,"column":null}},{"start":{"line":521,"column":0},"end":{"line":521,"column":null}}]},"38":{"loc":{"start":{"line":524,"column":0},"end":{"line":524,"column":null}},"type":"binary-expr","locations":[{"start":{"line":524,"column":0},"end":{"line":524,"column":null}},{"start":{"line":524,"column":0},"end":{"line":524,"column":null}}]},"39":{"loc":{"start":{"line":530,"column":0},"end":{"line":533,"column":null}},"type":"if","locations":[{"start":{"line":530,"column":0},"end":{"line":533,"column":null}},{"start":{"line":530,"column":0},"end":{"line":533,"column":null}}]}},"s":{"0":1,"1":1,"2":1,"3":1,"4":1,"5":1,"6":1,"7":1,"8":3,"9":3,"10":3,"11":3,"12":3,"13":0,"14":4,"15":24,"16":0,"17":0,"18":0,"19":0,"20":0,"21":0,"22":0,"23":0,"24":8,"25":6,"26":6,"27":6,"28":6,"29":8,"30":8,"31":3,"32":3,"33":3,"34":3,"35":33,"36":33,"37":39,"38":33,"39":3,"40":3,"41":6,"42":6,"43":6,"44":1,"45":1,"46":5,"47":11,"48":1,"49":3,"50":0,"51":3,"52":3,"53":2,"54":3,"55":3,"56":1,"57":1,"58":1,"59":1,"60":0,"61":2,"62":4,"63":4,"64":4,"65":4,"66":4,"67":1,"68":1,"69":1,"70":1,"71":1,"72":4,"73":1,"74":3,"75":3,"76":3,"77":4,"78":4,"79":4,"80":4,"81":4,"82":4,"83":4,"84":14,"85":5,"86":5,"87":9,"88":4,"89":12,"90":1,"91":1,"92":33,"93":33,"94":33,"95":33,"96":33,"97":2,"98":2,"99":0,"100":2,"101":2,"102":2,"103":2,"104":2,"105":2,"106":0,"107":0,"108":3,"109":3,"110":3,"111":3,"112":3,"113":3,"114":21,"115":3,"116":3,"117":2,"118":2,"119":0,"120":3,"121":0,"122":2,"123":2,"124":2,"125":2,"126":2,"127":2,"128":2,"129":2,"130":2,"131":0,"132":0,"133":0,"134":0,"135":0,"136":0,"137":0,"138":0,"139":0,"140":0,"141":0,"142":0,"143":0,"144":0,"145":0,"146":0,"147":0,"148":0,"149":0,"150":22,"151":22,"152":22,"153":22,"154":22,"155":169,"156":69,"157":22,"158":20,"159":20,"160":20,"161":22,"162":0,"163":0,"164":0,"165":2,"166":2,"167":0,"168":0,"169":0,"170":0,"171":0,"172":0,"173":0,"174":35,"175":27,"176":30,"177":0,"178":0,"179":0,"180":0,"181":0,"182":0,"183":36},"f":{"0":3,"1":3,"2":0,"3":4,"4":24,"5":0,"6":0,"7":8,"8":3,"9":33,"10":33,"11":6,"12":3,"13":6,"14":6,"15":0,"16":3,"17":3,"18":1,"19":3,"20":3,"21":1,"22":0,"23":4,"24":4,"25":1,"26":3,"27":4,"28":9,"29":5,"30":12,"31":1,"32":33,"33":2,"34":2,"35":0,"36":3,"37":3,"38":3,"39":18,"40":3,"41":0,"42":2,"43":0,"44":0,"45":0,"46":0,"47":0,"48":0,"49":0,"50":0,"51":22,"52":169,"53":47,"54":0,"55":2,"56":0,"57":0,"58":0,"59":35,"60":27,"61":30,"62":0,"63":36},"b":{"0":[0,0],"1":[0,0,0],"2":[0,0],"3":[6,2],"4":[3],"5":[1,5],"6":[4,7],"7":[6,1],"8":[1,2],"9":[1,2],"10":[3,2],"11":[1,0],"12":[1,3],"13":[3,1],"14":[1,3],"15":[1,3],"16":[1,11],"17":[12,6],"18":[0,2],"19":[2,1],"20":[3,2],"21":[0],"22":[2,0],"23":[2,0],"24":[2,0],"25":[0,0],"26":[0,0],"27":[0,0],"28":[0,0],"29":[0,0],"30":[0],"31":[19,3],"32":[169,123],"33":[6,16],"34":[20,2],"35":[0,0],"36":[0,0],"37":[27,27,20],"38":[30,10],"39":[0,0]}}
,"/Users/jcraitz/DLI/vsuma/suma/web-sourcecode/src/components/compontentFunctions.js": {"path":"/Users/jcraitz/DLI/vsuma/suma/web-sourcecode/src/components/compontentFunctions.js","statementMap":{"0":{"start":{"line":4,"column":27},"end":{"line":4,"column":29}},"1":{"start":{"line":5,"column":8},"end":{"line":25,"column":9}},"2":{"start":{"line":6,"column":28},"end":{"line":6,"column":133}},"3":{"start":{"line":6,"column":104},"end":{"line":6,"column":132}},"4":{"start":{"line":7,"column":35},"end":{"line":10,"column":55}},"5":{"start":{"line":8,"column":16},"end":{"line":8,"column":110}},"6":{"start":{"line":9,"column":16},"end":{"line":9,"column":28}},"7":{"start":{"line":11,"column":29},"end":{"line":11,"column":64}},"8":{"start":{"line":12,"column":32},"end":{"line":12,"column":63}},"9":{"start":{"line":13,"column":12},"end":{"line":24,"column":13}},"10":{"start":{"line":14,"column":36},"end":{"line":16,"column":21}},"11":{"start":{"line":15,"column":20},"end":{"line":15,"column":59}},"12":{"start":{"line":17,"column":16},"end":{"line":17,"column":45}},"13":{"start":{"line":18,"column":19},"end":{"line":24,"column":13}},"14":{"start":{"line":19,"column":16},"end":{"line":23,"column":17}},"15":{"start":{"line":20,"column":20},"end":{"line":20,"column":37}},"16":{"start":{"line":21,"column":23},"end":{"line":23,"column":17}},"17":{"start":{"line":22,"column":20},"end":{"line":22,"column":95}},"18":{"start":{"line":26,"column":8},"end":{"line":26,"column":84}}},"fnMap":{"0":{"name":"(anonymous_0)","decl":{"start":{"line":3,"column":15},"end":{"line":3,"column":16}},"loc":{"start":{"line":3,"column":60},"end":{"line":27,"column":5}},"line":3},"1":{"name":"(anonymous_1)","decl":{"start":{"line":6,"column":93},"end":{"line":6,"column":94}},"loc":{"start":{"line":6,"column":104},"end":{"line":6,"column":132}},"line":6},"2":{"name":"(anonymous_2)","decl":{"start":{"line":7,"column":52},"end":{"line":7,"column":53}},"loc":{"start":{"line":7,"column":77},"end":{"line":10,"column":13}},"line":7},"3":{"name":"(anonymous_3)","decl":{"start":{"line":14,"column":57},"end":{"line":14,"column":58}},"loc":{"start":{"line":14,"column":78},"end":{"line":16,"column":17}},"line":14}},"branchMap":{"0":{"loc":{"start":{"line":3,"column":47},"end":{"line":3,"column":58}},"type":"default-arg","locations":[{"start":{"line":3,"column":54},"end":{"line":3,"column":58}}],"line":3},"1":{"loc":{"start":{"line":5,"column":8},"end":{"line":25,"column":9}},"type":"if","locations":[{"start":{"line":5,"column":8},"end":{"line":25,"column":9}},{"start":{"line":5,"column":8},"end":{"line":25,"column":9}}],"line":5},"2":{"loc":{"start":{"line":5,"column":12},"end":{"line":5,"column":48}},"type":"binary-expr","locations":[{"start":{"line":5,"column":12},"end":{"line":5,"column":23}},{"start":{"line":5,"column":27},"end":{"line":5,"column":48}}],"line":5},"3":{"loc":{"start":{"line":6,"column":28},"end":{"line":6,"column":133}},"type":"cond-expr","locations":[{"start":{"line":6,"column":40},"end":{"line":6,"column":61}},{"start":{"line":6,"column":64},"end":{"line":6,"column":133}}],"line":6},"4":{"loc":{"start":{"line":8,"column":16},"end":{"line":8,"column":110}},"type":"cond-expr","locations":[{"start":{"line":8,"column":38},"end":{"line":8,"column":74}},{"start":{"line":8,"column":77},"end":{"line":8,"column":110}}],"line":8},"5":{"loc":{"start":{"line":13,"column":12},"end":{"line":24,"column":13}},"type":"if","locations":[{"start":{"line":13,"column":12},"end":{"line":24,"column":13}},{"start":{"line":13,"column":12},"end":{"line":24,"column":13}}],"line":13},"6":{"loc":{"start":{"line":18,"column":19},"end":{"line":24,"column":13}},"type":"if","locations":[{"start":{"line":18,"column":19},"end":{"line":24,"column":13}},{"start":{"line":18,"column":19},"end":{"line":24,"column":13}}],"line":18},"7":{"loc":{"start":{"line":19,"column":16},"end":{"line":23,"column":17}},"type":"if","locations":[{"start":{"line":19,"column":16},"end":{"line":23,"column":17}},{"start":{"line":19,"column":16},"end":{"line":23,"column":17}}],"line":19},"8":{"loc":{"start":{"line":21,"column":23},"end":{"line":23,"column":17}},"type":"if","locations":[{"start":{"line":21,"column":23},"end":{"line":23,"column":17}},{"start":{"line":21,"column":23},"end":{"line":23,"column":17}}],"line":21},"9":{"loc":{"start":{"line":22,"column":35},"end":{"line":22,"column":94}},"type":"cond-expr","locations":[{"start":{"line":22,"column":56},"end":{"line":22,"column":81}},{"start":{"line":22,"column":84},"end":{"line":22,"column":94}}],"line":22},"10":{"loc":{"start":{"line":26,"column":15},"end":{"line":26,"column":83}},"type":"cond-expr","locations":[{"start":{"line":26,"column":47},"end":{"line":26,"column":68}},{"start":{"line":26,"column":71},"end":{"line":26,"column":83}}],"line":26},"11":{"loc":{"start":{"line":26,"column":15},"end":{"line":26,"column":44}},"type":"binary-expr","locations":[{"start":{"line":26,"column":15},"end":{"line":26,"column":21}},{"start":{"line":26,"column":25},"end":{"line":26,"column":44}}],"line":26}},"s":{"0":397,"1":397,"2":301,"3":2419,"4":301,"5":548,"6":548,"7":301,"8":301,"9":301,"10":60,"11":534,"12":60,"13":241,"14":13,"15":8,"16":5,"17":5,"18":397},"f":{"0":397,"1":2419,"2":548,"3":534},"b":{"0":[394],"1":[301,96],"2":[397,397],"3":[26,275],"4":[534,14],"5":[60,241],"6":[13,228],"7":[8,5],"8":[5,0],"9":[0,5],"10":[70,327],"11":[397,394]},"_coverageSchema":"43e27e138ebf9cfc5966b082cf9a028302ed4184","hash":"06515e27e6ba03ecfd01404ffc3c99a4c96d91fc"}
,"/Users/jcraitz/DLI/vsuma/suma/web-sourcecode/src/components/tree.vue": {"path":"/Users/jcraitz/DLI/vsuma/suma/web-sourcecode/src/components/tree.vue","statementMap":{"0":{"start":{"line":27,"column":0},"end":{"line":27,"column":null}},"1":{"start":{"line":32,"column":0},"end":{"line":32,"column":null}},"2":{"start":{"line":45,"column":0},"end":{"line":45,"column":null}},"3":{"start":{"line":51,"column":0},"end":{"line":53,"column":null}},"4":{"start":{"line":52,"column":0},"end":{"line":52,"column":null}},"5":{"start":{"line":59,"column":0},"end":{"line":59,"column":null}},"6":{"start":{"line":60,"column":0},"end":{"line":60,"column":null}},"7":{"start":{"line":64,"column":0},"end":{"line":64,"column":null}},"8":{"start":{"line":67,"column":0},"end":{"line":67,"column":null}},"9":{"start":{"line":70,"column":0},"end":{"line":70,"column":null}},"10":{"start":{"line":71,"column":0},"end":{"line":71,"column":null}},"11":{"start":{"line":72,"column":0},"end":{"line":72,"column":null}},"12":{"start":{"line":73,"column":0},"end":{"line":73,"column":null}},"13":{"start":{"line":74,"column":0},"end":{"line":76,"column":null}},"14":{"start":{"line":75,"column":0},"end":{"line":75,"column":null}}},"fnMap":{"0":{"name":"(anonymous_1)","decl":{"start":{"line":31,"column":0},"end":{"line":31,"column":null}},"loc":{"start":{"line":31,"column":0},"end":{"line":40,"column":null}}},"1":{"name":"(anonymous_2)","decl":{"start":{"line":44,"column":0},"end":{"line":44,"column":null}},"loc":{"start":{"line":44,"column":0},"end":{"line":46,"column":null}}},"2":{"name":"(anonymous_3)","decl":{"start":{"line":50,"column":0},"end":{"line":50,"column":null}},"loc":{"start":{"line":50,"column":0},"end":{"line":54,"column":null}}},"3":{"name":"(anonymous_4)","decl":{"start":{"line":58,"column":0},"end":{"line":58,"column":null}},"loc":{"start":{"line":58,"column":0},"end":{"line":61,"column":null}}},"4":{"name":"(anonymous_5)","decl":{"start":{"line":63,"column":0},"end":{"line":63,"column":null}},"loc":{"start":{"line":63,"column":0},"end":{"line":65,"column":null}}},"5":{"name":"(anonymous_6)","decl":{"start":{"line":66,"column":0},"end":{"line":66,"column":null}},"loc":{"start":{"line":66,"column":0},"end":{"line":68,"column":null}}},"6":{"name":"(anonymous_7)","decl":{"start":{"line":69,"column":0},"end":{"line":69,"column":null}},"loc":{"start":{"line":69,"column":0},"end":{"line":77,"column":null}}}},"branchMap":{"0":{"loc":{"start":{"line":36,"column":0},"end":{"line":36,"column":null}},"type":"cond-expr","locations":[{"start":{"line":36,"column":0},"end":{"line":36,"column":null}},{"start":{"line":36,"column":0},"end":{"line":36,"column":null}}]},"1":{"loc":{"start":{"line":51,"column":0},"end":{"line":53,"column":null}},"type":"if","locations":[{"start":{"line":51,"column":0},"end":{"line":53,"column":null}},{"start":{"line":51,"column":0},"end":{"line":53,"column":null}}]},"2":{"loc":{"start":{"line":71,"column":0},"end":{"line":71,"column":null}},"type":"cond-expr","locations":[{"start":{"line":71,"column":0},"end":{"line":71,"column":null}},{"start":{"line":71,"column":0},"end":{"line":71,"column":null}}]},"3":{"loc":{"start":{"line":72,"column":0},"end":{"line":72,"column":null}},"type":"cond-expr","locations":[{"start":{"line":72,"column":0},"end":{"line":72,"column":null}},{"start":{"line":72,"column":0},"end":{"line":72,"column":null}}]},"4":{"loc":{"start":{"line":74,"column":0},"end":{"line":76,"column":null}},"type":"if","locations":[{"start":{"line":74,"column":0},"end":{"line":76,"column":null}},{"start":{"line":74,"column":0},"end":{"line":76,"column":null}}]}},"s":{"0":1,"1":82,"2":277,"3":82,"4":50,"5":82,"6":82,"7":20,"8":17,"9":8,"10":8,"11":8,"12":8,"13":8,"14":6},"f":{"0":82,"1":277,"2":82,"3":82,"4":20,"5":17,"6":8},"b":{"0":[0,82],"1":[50,32],"2":[5,3],"3":[5,3],"4":[6,2]}}
}
