TN:
SF:/Users/jcraitz/DLI/vsuma/suma/web-sourcecode/src/App.vue
FNF:0
FNH:0
DA:8,0
LF:1
LH:0
BRF:0
BRH:0
end_of_record
TN:
SF:/Users/jcraitz/DLI/vsuma/suma/web-sourcecode/src/main.js
FN:24,(anonymous_0)
FNF:1
FNH:0
FNDA:0,(anonymous_0)
DA:8,0
DA:9,0
DA:11,0
DA:12,0
DA:14,0
DA:18,0
DA:23,0
DA:24,0
LF:8
LH:0
BRF:0
BRH:0
end_of_record
TN:
SF:/Users/jcraitz/DLI/vsuma/suma/web-sourcecode/src/components/SumaClient.vue
FN:133,(anonymous_1)
FN:161,(anonymous_2)
FN:170,(anonymous_3)
FN:174,(anonymous_4)
FN:178,(anonymous_5)
FN:184,(anonymous_6)
FN:190,(anonymous_7)
FN:202,(anonymous_8)
FN:214,(anonymous_9)
FN:221,(anonymous_10)
FN:223,(anonymous_11)
FN:225,(anonymous_12)
FN:230,(anonymous_13)
FN:234,(anonymous_14)
FN:241,(anonymous_15)
FN:245,(anonymous_16)
FN:251,(anonymous_17)
FN:252,(anonymous_18)
FN:255,(anonymous_19)
FN:259,(anonymous_20)
FN:260,(anonymous_21)
FN:263,(anonymous_22)
FN:268,(anonymous_23)
FN:277,(anonymous_24)
FN:282,(anonymous_25)
FN:286,(anonymous_26)
FN:296,(anonymous_27)
FN:302,(anonymous_28)
FN:313,(anonymous_29)
FN:319,(anonymous_30)
FN:322,(anonymous_31)
FN:326,(anonymous_32)
FN:331,(anonymous_33)
FN:339,(anonymous_34)
FN:340,(anonymous_35)
FN:360,(anonymous_36)
FN:366,(anonymous_37)
FN:368,(anonymous_38)
FN:376,(anonymous_39)
FN:378,(anonymous_40)
FN:386,(anonymous_41)
FN:393,(anonymous_43)
FN:400,(anonymous_44)
FN:414,(anonymous_45)
FN:417,(anonymous_46)
FN:427,(anonymous_47)
FN:431,(anonymous_48)
FN:434,(anonymous_49)
FN:441,(anonymous_50)
FN:443,(anonymous_51)
FN:447,(anonymous_52)
FN:465,(anonymous_53)
FN:472,(anonymous_54)
FN:476,(anonymous_55)
FN:484,(anonymous_56)
FN:491,(anonymous_57)
FN:499,(anonymous_58)
FN:505,(anonymous_59)
FN:509,(anonymous_60)
FN:515,(anonymous_61)
FN:519,(anonymous_62)
FN:523,(anonymous_63)
FN:526,(anonymous_64)
FN:538,(anonymous_65)
FNF:64
FNH:44
FNDA:3,(anonymous_1)
FNDA:3,(anonymous_2)
FNDA:0,(anonymous_3)
FNDA:4,(anonymous_4)
FNDA:24,(anonymous_5)
FNDA:0,(anonymous_6)
FNDA:0,(anonymous_7)
FNDA:8,(anonymous_8)
FNDA:3,(anonymous_9)
FNDA:33,(anonymous_10)
FNDA:33,(anonymous_11)
FNDA:6,(anonymous_12)
FNDA:3,(anonymous_13)
FNDA:6,(anonymous_14)
FNDA:6,(anonymous_15)
FNDA:0,(anonymous_16)
FNDA:3,(anonymous_17)
FNDA:3,(anonymous_18)
FNDA:1,(anonymous_19)
FNDA:3,(anonymous_20)
FNDA:3,(anonymous_21)
FNDA:1,(anonymous_22)
FNDA:0,(anonymous_23)
FNDA:4,(anonymous_24)
FNDA:4,(anonymous_25)
FNDA:1,(anonymous_26)
FNDA:3,(anonymous_27)
FNDA:4,(anonymous_28)
FNDA:9,(anonymous_29)
FNDA:5,(anonymous_30)
FNDA:12,(anonymous_31)
FNDA:1,(anonymous_32)
FNDA:33,(anonymous_33)
FNDA:2,(anonymous_34)
FNDA:2,(anonymous_35)
FNDA:0,(anonymous_36)
FNDA:3,(anonymous_37)
FNDA:3,(anonymous_38)
FNDA:3,(anonymous_39)
FNDA:18,(anonymous_40)
FNDA:3,(anonymous_41)
FNDA:0,(anonymous_43)
FNDA:2,(anonymous_44)
FNDA:0,(anonymous_45)
FNDA:0,(anonymous_46)
FNDA:0,(anonymous_47)
FNDA:0,(anonymous_48)
FNDA:0,(anonymous_49)
FNDA:0,(anonymous_50)
FNDA:0,(anonymous_51)
FNDA:0,(anonymous_52)
FNDA:22,(anonymous_53)
FNDA:169,(anonymous_54)
FNDA:47,(anonymous_55)
FNDA:0,(anonymous_56)
FNDA:2,(anonymous_57)
FNDA:0,(anonymous_58)
FNDA:0,(anonymous_59)
FNDA:0,(anonymous_60)
FNDA:35,(anonymous_61)
FNDA:27,(anonymous_62)
FNDA:30,(anonymous_63)
FNDA:0,(anonymous_64)
FNDA:36,(anonymous_65)
DA:120,1
DA:121,1
DA:122,1
DA:123,1
DA:124,1
DA:125,1
DA:126,1
DA:128,1
DA:134,3
DA:162,3
DA:164,3
DA:166,3
DA:168,3
DA:171,0
DA:175,4
DA:179,24
DA:185,0
DA:186,0
DA:187,0
DA:189,0
DA:190,0
DA:191,0
DA:194,0
DA:196,0
DA:205,8
DA:206,6
DA:207,6
DA:208,6
DA:209,6
DA:211,8
DA:212,8
DA:216,3
DA:217,3
DA:218,3
DA:219,3
DA:223,33
DA:224,33
DA:225,39
DA:227,33
DA:232,3
DA:233,6
DA:234,6
DA:235,6
DA:236,1
DA:237,1
DA:239,5
DA:243,11
DA:244,3
DA:247,0
DA:252,3
DA:253,3
DA:255,2
DA:260,3
DA:262,3
DA:263,1
DA:264,1
DA:265,1
DA:266,1
DA:269,0
DA:273,2
DA:278,4
DA:279,4
DA:280,4
DA:284,4
DA:285,4
DA:286,1
DA:287,1
DA:288,1
DA:289,1
DA:290,1
DA:293,4
DA:294,1
DA:296,3
DA:297,3
DA:298,3
DA:303,4
DA:306,4
DA:307,4
DA:309,4
DA:310,4
DA:311,4
DA:312,4
DA:313,14
DA:314,5
DA:315,5
DA:319,9
DA:320,4
DA:325,12
DA:326,1
DA:327,1
DA:333,33
DA:334,33
DA:335,33
DA:336,33
DA:337,33
DA:340,2
DA:344,2
DA:345,0
DA:349,2
DA:350,2
DA:351,2
DA:352,2
DA:353,2
DA:358,2
DA:362,0
DA:363,0
DA:368,3
DA:371,3
DA:373,3
DA:374,3
DA:376,3
DA:377,3
DA:378,21
DA:379,3
DA:382,3
DA:383,2
DA:384,2
DA:389,0
DA:391,3
DA:395,0
DA:402,2
DA:403,2
DA:404,2
DA:405,2
DA:406,2
DA:407,2
DA:409,2
DA:410,2
DA:411,2
DA:417,0
DA:424,0
DA:425,0
DA:428,0
DA:433,0
DA:434,0
DA:440,0
DA:441,0
DA:444,0
DA:449,0
DA:450,0
DA:451,0
DA:452,0
DA:453,0
DA:454,0
DA:455,0
DA:457,0
DA:458,0
DA:463,0
DA:467,22
DA:468,22
DA:469,22
DA:470,22
DA:472,22
DA:473,169
DA:476,69
DA:477,22
DA:478,20
DA:479,20
DA:480,20
DA:482,22
DA:486,0
DA:487,0
DA:489,0
DA:493,2
DA:497,2
DA:501,0
DA:502,0
DA:503,0
DA:507,0
DA:508,0
DA:509,0
DA:511,0
DA:517,35
DA:521,27
DA:524,30
DA:528,0
DA:529,0
DA:530,0
DA:531,0
DA:532,0
DA:534,0
DA:540,36
LF:182
LH:131
BRDA:185,0,0,0
BRDA:185,0,1,0
BRDA:185,1,0,0
BRDA:185,1,1,0
BRDA:185,1,2,0
BRDA:189,2,0,0
BRDA:189,2,1,0
BRDA:205,3,0,6
BRDA:205,3,1,2
BRDA:230,4,0,3
BRDA:235,5,0,1
BRDA:235,5,1,5
BRDA:243,6,0,4
BRDA:243,6,1,7
BRDA:243,7,0,6
BRDA:243,7,1,1
BRDA:253,8,0,1
BRDA:253,8,1,2
BRDA:262,9,0,1
BRDA:262,9,1,2
BRDA:262,10,0,3
BRDA:262,10,1,2
BRDA:264,11,0,1
BRDA:264,11,1,0
BRDA:278,12,0,1
BRDA:278,12,1,3
BRDA:279,13,0,3
BRDA:279,13,1,1
BRDA:285,14,0,1
BRDA:285,14,1,3
BRDA:293,15,0,1
BRDA:293,15,1,3
BRDA:325,16,0,1
BRDA:325,16,1,11
BRDA:325,17,0,12
BRDA:325,17,1,6
BRDA:344,18,0,0
BRDA:344,18,1,2
BRDA:382,19,0,2
BRDA:382,19,1,1
BRDA:382,20,0,3
BRDA:382,20,1,2
BRDA:400,21,0,0
BRDA:406,22,0,2
BRDA:406,22,1,0
BRDA:406,23,0,2
BRDA:406,23,1,0
BRDA:409,24,0,2
BRDA:409,24,1,0
BRDA:424,25,0,0
BRDA:424,25,1,0
BRDA:440,26,0,0
BRDA:440,26,1,0
BRDA:449,27,0,0
BRDA:449,27,1,0
BRDA:452,28,0,0
BRDA:452,28,1,0
BRDA:454,29,0,0
BRDA:454,29,1,0
BRDA:456,30,0,0
BRDA:469,31,0,19
BRDA:469,31,1,3
BRDA:473,32,0,169
BRDA:473,32,1,123
BRDA:476,33,0,6
BRDA:476,33,1,16
BRDA:477,34,0,20
BRDA:477,34,1,2
BRDA:486,35,0,0
BRDA:486,35,1,0
BRDA:508,36,0,0
BRDA:508,36,1,0
BRDA:521,37,0,27
BRDA:521,37,1,27
BRDA:521,37,2,20
BRDA:524,38,0,30
BRDA:524,38,1,10
BRDA:530,39,0,0
BRDA:530,39,1,0
BRF:79
BRH:49
end_of_record
TN:
SF:/Users/jcraitz/DLI/vsuma/suma/web-sourcecode/src/components/compontentFunctions.js
FN:3,(anonymous_0)
FN:6,(anonymous_1)
FN:7,(anonymous_2)
FN:14,(anonymous_3)
FNF:4
FNH:4
FNDA:397,(anonymous_0)
FNDA:2419,(anonymous_1)
FNDA:548,(anonymous_2)
FNDA:534,(anonymous_3)
DA:4,397
DA:5,397
DA:6,2419
DA:7,301
DA:8,548
DA:9,548
DA:11,301
DA:12,301
DA:13,301
DA:14,60
DA:15,534
DA:17,60
DA:18,241
DA:19,13
DA:20,8
DA:21,5
DA:22,5
DA:26,397
LF:18
LH:18
BRDA:3,0,0,394
BRDA:5,1,0,301
BRDA:5,1,1,96
BRDA:5,2,0,397
BRDA:5,2,1,397
BRDA:6,3,0,26
BRDA:6,3,1,275
BRDA:8,4,0,534
BRDA:8,4,1,14
BRDA:13,5,0,60
BRDA:13,5,1,241
BRDA:18,6,0,13
BRDA:18,6,1,228
BRDA:19,7,0,8
BRDA:19,7,1,5
BRDA:21,8,0,5
BRDA:21,8,1,0
BRDA:22,9,0,0
BRDA:22,9,1,5
BRDA:26,10,0,70
BRDA:26,10,1,327
BRDA:26,11,0,397
BRDA:26,11,1,394
BRF:23
BRH:21
end_of_record
TN:
SF:/Users/jcraitz/DLI/vsuma/suma/web-sourcecode/src/components/tree.vue
FN:31,(anonymous_1)
FN:44,(anonymous_2)
FN:50,(anonymous_3)
FN:58,(anonymous_4)
FN:63,(anonymous_5)
FN:66,(anonymous_6)
FN:69,(anonymous_7)
FNF:7
FNH:7
FNDA:82,(anonymous_1)
FNDA:277,(anonymous_2)
FNDA:82,(anonymous_3)
FNDA:82,(anonymous_4)
FNDA:20,(anonymous_5)
FNDA:17,(anonymous_6)
FNDA:8,(anonymous_7)
DA:27,1
DA:32,82
DA:45,277
DA:51,82
DA:52,50
DA:59,82
DA:60,82
DA:64,20
DA:67,17
DA:70,8
DA:71,8
DA:72,8
DA:73,8
DA:74,8
DA:75,6
LF:15
LH:15
BRDA:36,0,0,0
BRDA:36,0,1,82
BRDA:51,1,0,50
BRDA:51,1,1,32
BRDA:71,2,0,5
BRDA:71,2,1,3
BRDA:72,3,0,5
BRDA:72,3,1,3
BRDA:74,4,0,6
BRDA:74,4,1,2
BRF:10
BRH:9
end_of_record
